<?xml version="1.0" encoding="UTF-8"?>
<!-- Generated by org.testng.reporters.JUnitXMLReporter -->
<testsuite ignored="0" hostname="DESKTOP-8HFKABF" failures="1" tests="1" name="ChromeTest" time="21.107" errors="0" timestamp="2025-07-04T06:56:26 IST">
  <testcase classname="ownFramework.Trial.crossbrowsertest" name="first" time="14.935">
    <failure type="java.lang.AssertionError" message="expected [true] but found [false]">
      <![CDATA[java.lang.AssertionError: expected [true] but found [false]
at ownFramework.Trial.crossbrowsertest.first(crossbrowsertest.java:45)
at java.base/java.util.ArrayList.forEach(ArrayList.java:1597)
... Removed 31 stack frames]]>
    </failure>
  </testcase> <!-- first -->
</testsuite> <!-- ChromeTest -->
